#2  0x00007ffff21d3255 in vtkDataSet::GetBounds(double*) ()
   from /usr/lib/x86_64-linux-gnu/libvtkCommonDataModel-6.2.so.6.2
No symbol "globals" in current context.
 494            ctrl,shift=0,0
 495            key=str('r')
 496            self._Iren.SetEventInformationFlipY(self.__saveX, self.__saveY,
 497                                                ctrl, shift, key, 0, None)
 498            self._Iren.KeyPressEvent()
>499            self._Iren.CharEvent()
 500    
 501    
 502        def keyPressEvent(self, ev):
 503            ctrl, shift = self._GetCtrlShift(ev)
 504            if ev.key() < 256:
#17 Frame 0x28cc540, for file /home/juliano/cc3dcodes/pressure/attempt_2_2/install/player5/Graphics/MVCDrawViewBase.py, line 357, in drawField (self=<MVCDrawView2D(maxCon=0, currentDrawingFunction=<weakref at remote 0x7fff648b5680>, zitems=[<float at remote 0x11e4cb8>, <float at remote 0x11e4ca0>, <float at remote 0x11e4c88>, 1, <float at remote 0x11e4c70>, <float at remote 0x11e4c58>, <float at remote 0x11e4c40>, <float at remote 0x11e4c28>, <float at remote 0x11e4c10>, <float at remote 0x11e4bf8>, <float at remote 0x131f9c8>], lut=<vtkobject at remote 0x7fff69996170>, minCon=0, _types3D=u'0', currentVisName='Cell_Field', currentDrawingParameters=<DrawingParameters(planePosition=0, planePos=0, plane='XY', fieldName='Cell_Field', fieldType='CellField', bsd=<BasicSimulationData(numberOfSteps=100000, fieldDim=<Dim3D(this=<SwigPyObject at remote 0x7fff8c082570>) at remote 0x7fff8c07b850>, sim=<Simulator(this=<SwigPyObject at remote 0x7fff699ab5d0>) at remote 0x7fff699af710>) at remote 0x7fff69dbe830>) at remote 0x7f...(truncated)
    self.qvtkWidget().resetCamera()
#14 Frame 0x7fff699b3c50, for file /home/juliano/cc3dcodes/pressure/attempt_2_2/install/player5/Utilities/QVTKRenderWindowInteractor.py, line 499, in resetCamera (self=<QVTKRenderWindowInteractor(_ActiveButton=<MouseButton at remote 0x7fff8c071e60>, interactorStyle=<vtkobject at remote 0x7fff6995a2f0>, _Iren=<vtkobject at remote 0x7fff6995a230>, _QVTKRenderWindowInteractor__saveY=0, _QVTKRenderWindowInteractor__saveX=0, _QVTKRenderWindowInteractor__wheelDelta=0, _QVTKRenderWindowInteractor__saveButtons=<...>, _Timer=<QTimer at remote 0x7fff6996c2b0>, _RenderWindow=<vtkobject at remote 0x7fff6995a290>, _QVTKRenderWindowInteractor__saveModifiers=<KeyboardModifier at remote 0x7fff8c073128>, _hidden=<QWidget at remote 0x7fff6996c348>, mousePressEventFcn=<instancemethod at remote 0x7fff69956820>) at remote 0x7fff6996c218>, ctrl=0, shift=0, key='r')
    self._Iren.CharEvent()
Unable to find a newer python frame
#17 Frame 0x28cc540, for file /home/juliano/cc3dcodes/pressure/attempt_2_2/install/player5/Graphics/MVCDrawViewBase.py, line 357, in drawField (self=<MVCDrawView2D(maxCon=0, currentDrawingFunction=<weakref at remote 0x7fff648b5680>, zitems=[<float at remote 0x11e4cb8>, <float at remote 0x11e4ca0>, <float at remote 0x11e4c88>, 1, <float at remote 0x11e4c70>, <float at remote 0x11e4c58>, <float at remote 0x11e4c40>, <float at remote 0x11e4c28>, <float at remote 0x11e4c10>, <float at remote 0x11e4bf8>, <float at remote 0x131f9c8>], lut=<vtkobject at remote 0x7fff69996170>, minCon=0, _types3D=u'0', currentVisName='Cell_Field', currentDrawingParameters=<DrawingParameters(planePosition=0, planePos=0, plane='XY', fieldName='Cell_Field', fieldType='CellField', bsd=<BasicSimulationData(numberOfSteps=100000, fieldDim=<Dim3D(this=<SwigPyObject at remote 0x7fff8c082570>) at remote 0x7fff8c07b850>, sim=<Simulator(this=<SwigPyObject at remote 0x7fff699ab5d0>) at remote 0x7fff699af710>) at remote 0x7fff69dbe830>) at remote 0x7f...(truncated)
    self.qvtkWidget().resetCamera()
#20 Frame 0x28cc010, for file /home/juliano/cc3dcodes/pressure/attempt_2_2/install/player5/Graphics/MVCDrawViewBase.py, line 243, in drawFieldLocal (self=<MVCDrawView2D(maxCon=0, currentDrawingFunction=<weakref at remote 0x7fff648b5680>, zitems=[<float at remote 0x11e4cb8>, <float at remote 0x11e4ca0>, <float at remote 0x11e4c88>, 1, <float at remote 0x11e4c70>, <float at remote 0x11e4c58>, <float at remote 0x11e4c40>, <float at remote 0x11e4c28>, <float at remote 0x11e4c10>, <float at remote 0x11e4bf8>, <float at remote 0x131f9c8>], lut=<vtkobject at remote 0x7fff69996170>, minCon=0, _types3D=u'0', currentVisName='Cell_Field', currentDrawingParameters=<DrawingParameters(planePosition=0, planePos=0, plane='XY', fieldName='Cell_Field', fieldType='CellField', bsd=<BasicSimulationData(numberOfSteps=100000, fieldDim=<Dim3D(this=<SwigPyObject at remote 0x7fff8c082570>) at remote 0x7fff8c07b850>, sim=<Simulator(this=<SwigPyObject at remote 0x7fff699ab5d0>) at remote 0x7fff699af710>) at remote 0x7fff69dbe830>) at remote...(truncated)
    self.drawField(_bsd,fieldType)
#24 Frame 0x7fff648aa430, for file /home/juliano/cc3dcodes/pressure/attempt_2_2/install/player5/Plugins/ViewManagerPlugins/SimpleTabView.py, line 2043, in drawFieldRegular (self=<SimpleTabView(_SimpleTabView__parent=<UserInterface(stdout=<Redirector(buffer='', stdErrConsole=None, stderr=False) at remote 0x7fff69dac478>, zitems=[<float at remote 0x11e4cb8>, <float at remote 0x11e4ca0>, <float at remote 0x11e4c88>, 1, <float at remote 0x11e4c70>, <float at remote 0x11e4c58>, <float at remote 0x11e4c40>, <float at remote 0x11e4c28>, <float at remote 0x11e4c10>, <float at remote 0x11e4bf8>, <float at remote 0x131f9c8>], actions=[<QAction at remote 0x7fff69dac5a8>, <QAction at remote 0x7fff69dac640>, <QAction at remote 0x7fff69dac6d8>, <QAction at remote 0x7fff69dac770>, <QAction at remote 0x7fff69dac808>, <QAction at remote 0x7fff69dac8a0>, <QAction at remote 0x7fff69dac938>], toolbarFileAct=<...>, _UserInterface__statusBar=<QStatusBar at remote 0x7fff69e6d050>, toolbarSimAct=<...>, origStdout=<file at remote 0x7ffff...(truncated)
    graphicsFrame.drawFieldLocal(self.basicSimulationData)
#28 Frame 0x7fff648ba050, for file /home/juliano/cc3dcodes/pressure/attempt_2_2/install/player5/Plugins/ViewManagerPlugins/SimpleTabView.py, line 2132, in __drawField (self=<SimpleTabView(_SimpleTabView__parent=<UserInterface(stdout=<Redirector(buffer='', stdErrConsole=None, stderr=False) at remote 0x7fff69dac478>, zitems=[<float at remote 0x11e4cb8>, <float at remote 0x11e4ca0>, <float at remote 0x11e4c88>, 1, <float at remote 0x11e4c70>, <float at remote 0x11e4c58>, <float at remote 0x11e4c40>, <float at remote 0x11e4c28>, <float at remote 0x11e4c10>, <float at remote 0x11e4bf8>, <float at remote 0x131f9c8>], actions=[<QAction at remote 0x7fff69dac5a8>, <QAction at remote 0x7fff69dac640>, <QAction at remote 0x7fff69dac6d8>, <QAction at remote 0x7fff69dac770>, <QAction at remote 0x7fff69dac808>, <QAction at remote 0x7fff69dac8a0>, <QAction at remote 0x7fff69dac938>], toolbarFileAct=<...>, _UserInterface__statusBar=<QStatusBar at remote 0x7fff69e6d050>, toolbarSimAct=<...>, origStdout=<file at remote 0x7ffff7fa01...(truncated)
    __drawFieldFcn()
quit
